<?xml version="1.0" encoding="UTF-8"?>
<coverage generated="1665459146089" clover="3.2.0">
  <project timestamp="1665459146089" name="All files">
    <metrics statements="12" coveredstatements="11" conditionals="0" coveredconditionals="0" methods="5" coveredmethods="4" elements="17" coveredelements="15" complexity="0" loc="12" ncloc="12" packages="2" files="4" classes="4"/>
    <package name="components">
      <metrics statements="7" coveredstatements="6" conditionals="0" coveredconditionals="0" methods="4" coveredmethods="3"/>
      <file name="ActionButton.vue" path="/home/felipesquall/Desktop/Desktop/13 - Vue Training/job-search/src/components/ActionButton.vue">
        <metrics statements="3" coveredstatements="2" conditionals="0" coveredconditionals="0" methods="2" coveredmethods="1"/>
        <line num="10" count="2" type="stmt"/>
        <line num="22" count="0" type="stmt"/>
        <line num="28" count="8" type="stmt"/>
      </file>
      <file name="ProfileImage.vue" path="/home/felipesquall/Desktop/Desktop/13 - Vue Training/job-search/src/components/ProfileImage.vue">
        <metrics statements="2" coveredstatements="2" conditionals="0" coveredconditionals="0" methods="1" coveredmethods="1"/>
        <line num="9" count="2" type="stmt"/>
        <line num="12" count="3" type="stmt"/>
      </file>
      <file name="Subnav.vue" path="/home/felipesquall/Desktop/Desktop/13 - Vue Training/job-search/src/components/Subnav.vue">
        <metrics statements="2" coveredstatements="2" conditionals="0" coveredconditionals="0" methods="1" coveredmethods="1"/>
        <line num="15" count="2" type="stmt"/>
        <line num="18" count="4" type="stmt"/>
      </file>
    </package>
    <package name="utils">
      <metrics statements="5" coveredstatements="5" conditionals="0" coveredconditionals="0" methods="1" coveredmethods="1"/>
      <file name="nextElementInList.js" path="/home/felipesquall/Desktop/Desktop/13 - Vue Training/job-search/src/utils/nextElementInList.js">
        <metrics statements="5" coveredstatements="5" conditionals="0" coveredconditionals="0" methods="1" coveredmethods="1"/>
        <line num="1" count="2" type="stmt"/>
        <line num="2" count="3" type="stmt"/>
        <line num="3" count="3" type="stmt"/>
        <line num="4" count="3" type="stmt"/>
        <line num="5" count="3" type="stmt"/>
      </file>
    </package>
  </project>
</coverage>
