<?xml version="1.0" encoding="UTF-8"?>
<coverage generated="1663205793624" clover="3.2.0">
  <project timestamp="1663205793624" name="All files">
    <metrics statements="7" coveredstatements="6" conditionals="0" coveredconditionals="0" methods="4" coveredmethods="3" elements="11" coveredelements="9" complexity="0" loc="7" ncloc="7" packages="1" files="3" classes="3"/>
    <file name="ActionButton.vue" path="/home/felipesquall/Desktop/Desktop/13 - Vue Training/job-search/src/components/ActionButton.vue">
      <metrics statements="3" coveredstatements="2" conditionals="0" coveredconditionals="0" methods="2" coveredmethods="1"/>
      <line num="10" count="2" type="stmt"/>
      <line num="22" count="0" type="stmt"/>
      <line num="28" count="7" type="stmt"/>
    </file>
    <file name="ProfileImage.vue" path="/home/felipesquall/Desktop/Desktop/13 - Vue Training/job-search/src/components/ProfileImage.vue">
      <metrics statements="2" coveredstatements="2" conditionals="0" coveredconditionals="0" methods="1" coveredmethods="1"/>
      <line num="9" count="2" type="stmt"/>
      <line num="12" count="2" type="stmt"/>
    </file>
    <file name="Subnav.vue" path="/home/felipesquall/Desktop/Desktop/13 - Vue Training/job-search/src/components/Subnav.vue">
      <metrics statements="2" coveredstatements="2" conditionals="0" coveredconditionals="0" methods="1" coveredmethods="1"/>
      <line num="15" count="2" type="stmt"/>
      <line num="18" count="3" type="stmt"/>
    </file>
  </project>
</coverage>
