{"/home/felipesquall/Desktop/Desktop/13 - Vue Training/job-search/src/components/ActionButton.vue": {"path":"/home/felipesquall/Desktop/Desktop/13 - Vue Training/job-search/src/components/ActionButton.vue","statementMap":{"0":{"start":{"line":10,"column":15},"end":{"line":10,"column":null}},"1":{"start":{"line":22,"column":8},"end":{"line":22,"column":15}},"2":{"start":{"line":28,"column":6},"end":{"line":28,"column":13}}},"fnMap":{"0":{"name":"(anonymous_0)","decl":{"start":{"line":21,"column":6},"end":{"line":21,"column":15}},"loc":{"start":{"line":21,"column":23},"end":{"line":23,"column":null}}},"1":{"name":"(anonymous_1)","decl":{"start":{"line":27,"column":4},"end":{"line":27,"column":15}},"loc":{"start":{"line":27,"column":18},"end":{"line":31,"column":null}}}},"branchMap":{},"s":{"0":2,"1":0,"2":8},"f":{"0":0,"1":8},"b":{}}
,"/home/felipesquall/Desktop/Desktop/13 - Vue Training/job-search/src/components/ProfileImage.vue": {"path":"/home/felipesquall/Desktop/Desktop/13 - Vue Training/job-search/src/components/ProfileImage.vue","statementMap":{"0":{"start":{"line":9,"column":15},"end":{"line":9,"column":null}},"1":{"start":{"line":12,"column":4},"end":{"line":12,"column":11}}},"fnMap":{"0":{"name":"(anonymous_0)","decl":{"start":{"line":11,"column":2},"end":{"line":11,"column":6}},"loc":{"start":{"line":11,"column":9},"end":{"line":16,"column":null}}}},"branchMap":{},"s":{"0":2,"1":3},"f":{"0":3},"b":{}}
,"/home/felipesquall/Desktop/Desktop/13 - Vue Training/job-search/src/components/Subnav.vue": {"path":"/home/felipesquall/Desktop/Desktop/13 - Vue Training/job-search/src/components/Subnav.vue","statementMap":{"0":{"start":{"line":15,"column":17},"end":{"line":15,"column":null}},"1":{"start":{"line":18,"column":6},"end":{"line":18,"column":13}}},"fnMap":{"0":{"name":"(anonymous_0)","decl":{"start":{"line":17,"column":4},"end":{"line":17,"column":8}},"loc":{"start":{"line":17,"column":11},"end":{"line":21,"column":null}}}},"branchMap":{},"s":{"0":2,"1":4},"f":{"0":4},"b":{}}
,"/home/felipesquall/Desktop/Desktop/13 - Vue Training/job-search/src/utils/nextElementInList.js": {"path":"/home/felipesquall/Desktop/Desktop/13 - Vue Training/job-search/src/utils/nextElementInList.js","statementMap":{"0":{"start":{"line":1,"column":26},"end":{"line":6,"column":1}},"1":{"start":{"line":2,"column":29},"end":{"line":2,"column":48}},"2":{"start":{"line":3,"column":25},"end":{"line":3,"column":63}},"3":{"start":{"line":4,"column":20},"end":{"line":4,"column":40}},"4":{"start":{"line":5,"column":2},"end":{"line":5,"column":18}}},"fnMap":{"0":{"name":"(anonymous_0)","decl":{"start":{"line":1,"column":26},"end":{"line":1,"column":27}},"loc":{"start":{"line":1,"column":43},"end":{"line":6,"column":1}},"line":1}},"branchMap":{},"s":{"0":2,"1":3,"2":3,"3":3,"4":3},"f":{"0":3},"b":{},"_coverageSchema":"1a1c01bbd47fc00a2c39e90264f33305004495a9","hash":"009066f4dfa66b7e1cfbafb9173f6dd50f74cd4e"}
}
