{"/home/felipesquall/Desktop/Desktop/13 - Vue Training/job-search/src/playground.js": {"path":"/home/felipesquall/Desktop/Desktop/13 - Vue Training/job-search/src/playground.js","statementMap":{"0":{"start":{"line":30,"column":25},"end":{"line":36,"column":1}},"1":{"start":{"line":31,"column":2},"end":{"line":35,"column":3}},"2":{"start":{"line":32,"column":4},"end":{"line":32,"column":18}},"3":{"start":{"line":34,"column":4},"end":{"line":34,"column":17}},"4":{"start":{"line":38,"column":24},"end":{"line":38,"column":51}},"5":{"start":{"line":38,"column":40},"end":{"line":38,"column":51}}},"fnMap":{"0":{"name":"(anonymous_0)","decl":{"start":{"line":30,"column":25},"end":{"line":30,"column":26}},"loc":{"start":{"line":30,"column":37},"end":{"line":36,"column":1}},"line":30},"1":{"name":"(anonymous_1)","decl":{"start":{"line":38,"column":24},"end":{"line":38,"column":25}},"loc":{"start":{"line":38,"column":40},"end":{"line":38,"column":51}},"line":38}},"branchMap":{"0":{"loc":{"start":{"line":31,"column":2},"end":{"line":35,"column":3}},"type":"if","locations":[{"start":{"line":31,"column":2},"end":{"line":35,"column":3}},{"start":{"line":33,"column":9},"end":{"line":35,"column":3}}],"line":31}},"s":{"0":1,"1":2,"2":1,"3":1,"4":1,"5":1},"f":{"0":2,"1":1},"b":{"0":[1,1]},"_coverageSchema":"1a1c01bbd47fc00a2c39e90264f33305004495a9","hash":"9f36db13bf1c7c705aa2d4d5808e025a4963f29d"}
}
